In file included from /usr/local/include/c++/4.8.2/algorithm:62:0,
                 from activation.h:1,
                 from layer.h:9,
                 from model.h:8,
                 from mini_nn.cc:1:
/usr/local/include/c++/4.8.2/bits/stl_algo.h: In instantiation of ‘_InputIterator std::__find(_InputIterator, _InputIterator, const _Tp&, std::input_iterator_tag) [with _InputIterator = std::_Rb_tree_iterator<std::pair<const std::basic_string<char>, unsigned int> >; _Tp = std::basic_string<char>]’:
/usr/local/include/c++/4.8.2/bits/stl_algo.h:4441:45:   required from ‘_IIter std::find(_IIter, _IIter, const _Tp&) [with _IIter = std::_Rb_tree_iterator<std::pair<const std::basic_string<char>, unsigned int> >; _Tp = std::basic_string<char>]’
mini_nn.cc:57:94:   required from here
/usr/local/include/c++/4.8.2/bits/stl_algo.h:139:46: error: no match for ‘operator==’ (operand types are ‘std::pair<const std::basic_string<char>, unsigned int>’ and ‘const std::basic_string<char>’)
       while (__first != __last && !(*__first == __val))
                                              ^
/usr/local/include/c++/4.8.2/bits/stl_algo.h:139:46: note: candidates are:
In file included from /usr/local/include/c++/4.8.2/map:62:0,
                 from mini_nn.cc:5:
/usr/local/include/c++/4.8.2/bits/stl_multimap.h:864:5: note: template<class _Key, class _Tp, class _Compare, class _Alloc> bool std::operator==(const std::multimap<_Key, _Tp, _Compare, _Alloc>&, const std::multimap<_Key, _Tp, _Compare, _Alloc>&)
     operator==(const multimap<_Key, _Tp, _Compare, _Alloc>& __x,
     ^
/usr/local/include/c++/4.8.2/bits/stl_multimap.h:864:5: note:   template argument deduction/substitution failed:
In file included from /usr/local/include/c++/4.8.2/algorithm:62:0,
                 from activation.h:1,
                 from layer.h:9,
                 from model.h:8,
                 from mini_nn.cc:1:
/usr/local/include/c++/4.8.2/bits/stl_algo.h:139:46: note:   ‘std::pair<const std::basic_string<char>, unsigned int>’ is not derived from ‘const std::multimap<_Key, _Tp, _Compare, _Alloc>’
       while (__first != __last && !(*__first == __val))
                                              ^
In file included from /usr/local/include/c++/4.8.2/map:61:0,
                 from mini_nn.cc:5:
/usr/local/include/c++/4.8.2/bits/stl_map.h:962:5: note: template<class _Key, class _Tp, class _Compare, class _Alloc> bool std::operator==(const std::map<_Key, _Tp, _Compare, _Alloc>&, const std::map<_Key, _Tp, _Compare, _Alloc>&)
     operator==(const map<_Key, _Tp, _Compare, _Alloc>& __x,
     ^
/usr/local/include/c++/4.8.2/bits/stl_map.h:962:5: note:   template argument deduction/substitution failed:
In file included from /usr/local/include/c++/4.8.2/algorithm:62:0,
                 from activation.h:1,
                 from layer.h:9,
                 from model.h:8,
                 from mini_nn.cc:1:
/usr/local/include/c++/4.8.2/bits/stl_algo.h:139:46: note:   ‘std::pair<const std::basic_string<char>, unsigned int>’ is not derived from ‘const std::map<_Key, _Tp, _Compare, _Alloc>’
       while (__first != __last && !(*__first == __val))
                                              ^
In file included from /usr/local/include/c++/4.8.2/map:60:0,
                 from mini_nn.cc:5:
/usr/local/include/c++/4.8.2/bits/stl_tree.h:907:5: note: template<class _Key, class _Val, class _KeyOfValue, class _Compare, class _Alloc> bool std::operator==(const std::_Rb_tree<_Key, _Val, _KeyOfValue, _Compare, _Alloc>&, const std::_Rb_tree<_Key, _Val, _KeyOfValue, _Compare, _Alloc>&)
     operator==(const _Rb_tree<_Key, _Val, _KeyOfValue, _Compare, _Alloc>& __x,
     ^
/usr/local/include/c++/4.8.2/bits/stl_tree.h:907:5: note:   template argument deduction/substitution failed:
In file included from /usr/local/include/c++/4.8.2/algorithm:62:0,
                 from activation.h:1,
                 from layer.h:9,
                 from model.h:8,
                 from mini_nn.cc:1:
/usr/local/include/c++/4.8.2/bits/stl_algo.h:139:46: note:   ‘std::pair<const std::basic_string<char>, unsigned int>’ is not derived from ‘const std::_Rb_tree<_Key, _Val, _KeyOfValue, _Compare, _Alloc>’
       while (__first != __last && !(*__first == __val))
                                              ^
In file included from /usr/local/include/c++/4.8.2/map:60:0,
                 from mini_nn.cc:5:
/usr/local/include/c++/4.8.2/bits/stl_tree.h:310:5: note: template<class _Val> bool std::operator==(const std::_Rb_tree_iterator<_Tp>&, const std::_Rb_tree_const_iterator<_Val>&)
     operator==(const _Rb_tree_iterator<_Val>& __x,
     ^
/usr/local/include/c++/4.8.2/bits/stl_tree.h:310:5: note:   template argument deduction/substitution failed:
In file included from /usr/local/include/c++/4.8.2/algorithm:62:0,
                 from activation.h:1,
                 from layer.h:9,
                 from model.h:8,
                 from mini_nn.cc:1:
/usr/local/include/c++/4.8.2/bits/stl_algo.h:139:46: note:   ‘std::pair<const std::basic_string<char>, unsigned int>’ is not derived from ‘const std::_Rb_tree_iterator<_Tp>’
       while (__first != __last && !(*__first == __val))
                                              ^
In file included from /usr/local/include/c++/4.8.2/bits/stl_algo.h:66:0,
                 from /usr/local/include/c++/4.8.2/algorithm:62,
                 from activation.h:1,
                 from layer.h:9,
                 from model.h:8,
                 from mini_nn.cc:1:
/usr/local/include/c++/4.8.2/functional:2536:5: note: template<class _Res, class ... _Args> bool std::operator==(std::nullptr_t, const std::function<_Res(_ArgTypes ...)>&)
     operator==(nullptr_t, const function<_Res(_Args...)>& __f) noexcept
     ^
/usr/local/include/c++/4.8.2/functional:2536:5: note:   template argument deduction/substitution failed:
In file included from /usr/local/include/c++/4.8.2/algorithm:62:0,
                 from activation.h:1,
                 from layer.h:9,
                 from model.h:8,
                 from mini_nn.cc:1:
/usr/local/include/c++/4.8.2/bits/stl_algo.h:139:46: note:   cannot convert ‘__first.std::_Rb_tree_iterator<_Tp>::operator*<std::pair<const std::basic_string<char>, unsigned int> >()’ (type ‘std::pair<const std::basic_string<char>, unsigned int>’) to type ‘std::nullptr_t’
       while (__first != __last && !(*__first == __val))
                                              ^
In file included from /usr/local/include/c++/4.8.2/bits/stl_algo.h:66:0,
                 from /usr/local/include/c++/4.8.2/algorithm:62,
                 from activation.h:1,
                 from layer.h:9,
                 from model.h:8,
                 from mini_nn.cc:1:
/usr/local/include/c++/4.8.2/functional:2530:5: note: template<class _Res, class ... _Args> bool std::operator==(const std::function<_Res(_ArgTypes ...)>&, std::nullptr_t)
     operator==(const function<_Res(_Args...)>& __f, nullptr_t) noexcept
     ^
/usr/local/include/c++/4.8.2/functional:2530:5: note:   template argument deduction/substitution failed:
In file included from /usr/local/include/c++/4.8.2/algorithm:62:0,
                 from activation.h:1,
                 from layer.h:9,
                 from model.h:8,
                 from mini_nn.cc:1:
/usr/local/include/c++/4.8.2/bits/stl_algo.h:139:46: note:   ‘std::pair<const std::basic_string<char>, unsigned int>’ is not derived from ‘const std::function<_Res(_ArgTypes ...)>’
       while (__first != __last && !(*__first == __val))
                                              ^
In file included from /usr/local/include/c++/4.8.2/functional:55:0,
                 from /usr/local/include/c++/4.8.2/bits/stl_algo.h:66,
                 from /usr/local/include/c++/4.8.2/algorithm:62,
                 from activation.h:1,
                 from layer.h:9,
                 from model.h:8,
                 from mini_nn.cc:1:
/usr/local/include/c++/4.8.2/tuple:811:5: note: template<class ... _TElements, class ... _UElements> constexpr bool std::operator==(const std::tuple<_Elements ...>&, const std::tuple<_Elements ...>&)
     operator==(const tuple<_TElements...>& __t,
     ^
/usr/local/include/c++/4.8.2/tuple:811:5: note:   template argument deduction/substitution failed:
In file included from /usr/local/include/c++/4.8.2/algorithm:62:0,
                 from activation.h:1,
                 from layer.h:9,
                 from model.h:8,
                 from mini_nn.cc:1:
/usr/local/include/c++/4.8.2/bits/stl_algo.h:139:46: note:   ‘std::pair<const std::basic_string<char>, unsigned int>’ is not derived from ‘const std::tuple<_Elements ...>’
       while (__first != __last && !(*__first == __val))
                                              ^
In file included from /usr/local/include/c++/4.8.2/tuple:39:0,
                 from /usr/local/include/c++/4.8.2/functional:55,
                 from /usr/local/include/c++/4.8.2/bits/stl_algo.h:66,
                 from /usr/local/include/c++/4.8.2/algorithm:62,
                 from activation.h:1,
                 from layer.h:9,
                 from model.h:8,
                 from mini_nn.cc:1:
/usr/local/include/c++/4.8.2/array:228:5: note: template<class _Tp, long unsigned int _Nm> bool std::operator==(const std::array<_Tp, _Nm>&, const std::array<_Tp, _Nm>&)
     operator==(const array<_Tp, _Nm>& __one, const array<_Tp, _Nm>& __two)
     ^
/usr/local/include/c++/4.8.2/array:228:5: note:   template argument deduction/substitution failed:
In file included from /usr/local/include/c++/4.8.2/algorithm:62:0,
                 from activation.h:1,
                 from layer.h:9,
                 from model.h:8,
                 from mini_nn.cc:1:
/usr/local/include/c++/4.8.2/bits/stl_algo.h:139:46: note:   ‘std::pair<const std::basic_string<char>, unsigned int>’ is not derived from ‘const std::array<_Tp, _Nm>’
       while (__first != __last && !(*__first == __val))
                                              ^
In file included from /usr/local/include/c++/4.8.2/random:52:0,
                 from /usr/local/include/c++/4.8.2/bits/stl_algo.h:65,
                 from /usr/local/include/c++/4.8.2/algorithm:62,
                 from activation.h:1,
                 from layer.h:9,
                 from model.h:8,
                 from mini_nn.cc:1:
/usr/local/include/c++/4.8.2/bits/random.tcc:2030:5: note: template<class _RealType1> bool std::operator==(const std::normal_distribution<_RealType>&, const std::normal_distribution<_RealType>&)
     operator==(const std::normal_distribution<_RealType>& __d1,
     ^
/usr/local/include/c++/4.8.2/bits/random.tcc:2030:5: note:   template argument deduction/substitution failed:
In file included from /usr/local/include/c++/4.8.2/algorithm:62:0,
                 from activation.h:1,
                 from layer.h:9,
                 from model.h:8,
                 from mini_nn.cc:1:
/usr/local/include/c++/4.8.2/bits/stl_algo.h:139:46: note:   ‘std::pair<const std::basic_string<char>, unsigned int>’ is not derived from ‘const std::normal_distribution<_RealType>’
       while (__first != __last && !(*__first == __val))
                                              ^
In file included from /usr/local/include/c++/4.8.2/bits/locale_facets.h:48:0,
                 from /usr/local/include/c++/4.8.2/bits/basic_ios.h:37,
                 from /usr/local/include/c++/4.8.2/ios:44,
                 from /usr/local/include/c++/4.8.2/ostream:38,
                 from /usr/local/include/c++/4.8.2/iostream:39,
                 from model.h:5,
                 from mini_nn.cc:1:
/usr/local/include/c++/4.8.2/bits/streambuf_iterator.h:204:5: note: template<class _CharT, class _Traits> bool std::operator==(const std::istreambuf_iterator<_CharT, _Traits>&, const std::istreambuf_iterator<_CharT, _Traits>&)
     operator==(const istreambuf_iterator<_CharT, _Traits>& __a,
     ^
/usr/local/include/c++/4.8.2/bits/streambuf_iterator.h:204:5: note:   template argument deduction/substitution failed:
In file included from /usr/local/include/c++/4.8.2/algorithm:62:0,
                 from activation.h:1,
                 from layer.h:9,
                 from model.h:8,
                 from mini_nn.cc:1:
/usr/local/include/c++/4.8.2/bits/stl_algo.h:139:46: note:   ‘std::pair<const std::basic_string<char>, unsigned int>’ is not derived from ‘const std::istreambuf_iterator<_CharT, _Traits>’
       while (__first != __last && !(*__first == __val))
                                              ^
In file included from /usr/local/include/c++/4.8.2/string:52:0,
                 from model.h:4,
                 from mini_nn.cc:1:
/usr/local/include/c++/4.8.2/bits/basic_string.h:2519:5: note: template<class _CharT, class _Traits, class _Alloc> bool std::operator==(const std::basic_string<_CharT, _Traits, _Alloc>&, const _CharT*)
     operator==(const basic_string<_CharT, _Traits, _Alloc>& __lhs,
     ^
/usr/local/include/c++/4.8.2/bits/basic_string.h:2519:5: note:   template argument deduction/substitution failed:
In file included from /usr/local/include/c++/4.8.2/algorithm:62:0,
                 from activation.h:1,
                 from layer.h:9,
                 from model.h:8,
                 from mini_nn.cc:1:
/usr/local/include/c++/4.8.2/bits/stl_algo.h:139:46: note:   ‘std::pair<const std::basic_string<char>, unsigned int>’ is not derived from ‘const std::basic_string<_CharT, _Traits, _Alloc>’
       while (__first != __last && !(*__first == __val))
                                              ^
In file included from /usr/local/include/c++/4.8.2/string:52:0,
                 from model.h:4,
                 from mini_nn.cc:1:
/usr/local/include/c++/4.8.2/bits/basic_string.h:2507:5: note: template<class _CharT, class _Traits, class _Alloc> bool std::operator==(const _CharT*, const std::basic_string<_CharT, _Traits, _Alloc>&)
     operator==(const _CharT* __lhs,
     ^
/usr/local/include/c++/4.8.2/bits/basic_string.h:2507:5: note:   template argument deduction/substitution failed:
In file included from /usr/local/include/c++/4.8.2/algorithm:62:0,
                 from activation.h:1,
                 from layer.h:9,
                 from model.h:8,
                 from mini_nn.cc:1:
/usr/local/include/c++/4.8.2/bits/stl_algo.h:139:46: note:   mismatched types ‘const _CharT*’ and ‘std::pair<const std::basic_string<char>, unsigned int>’
       while (__first != __last && !(*__first == __val))
                                              ^
In file included from /usr/local/include/c++/4.8.2/string:52:0,
                 from model.h:4,
                 from mini_nn.cc:1:
/usr/local/include/c++/4.8.2/bits/basic_string.h:2493:5: note: template<class _CharT> typename __gnu_cxx::__enable_if<std::__is_char<_Tp>::__value, bool>::__type std::operator==(const std::basic_string<_CharT>&, const std::basic_string<_CharT>&)
     operator==(const basic_string<_CharT>& __lhs,
     ^
/usr/local/include/c++/4.8.2/bits/basic_string.h:2493:5: note:   template argument deduction/substitution failed:
In file included from /usr/local/include/c++/4.8.2/algorithm:62:0,
                 from activation.h:1,
                 from layer.h:9,
                 from model.h:8,
                 from mini_nn.cc:1:
/usr/local/include/c++/4.8.2/bits/stl_algo.h:139:46: note:   ‘std::pair<const std::basic_string<char>, unsigned int>’ is not derived from ‘const std::basic_string<_CharT>’
       while (__first != __last && !(*__first == __val))
                                              ^
In file included from /usr/local/include/c++/4.8.2/string:52:0,
                 from model.h:4,
                 from mini_nn.cc:1:
/usr/local/include/c++/4.8.2/bits/basic_string.h:2486:5: note: template<class _CharT, class _Traits, class _Alloc> bool std::operator==(const std::basic_string<_CharT, _Traits, _Alloc>&, const std::basic_string<_CharT, _Traits, _Alloc>&)
     operator==(const basic_string<_CharT, _Traits, _Alloc>& __lhs,
     ^
/usr/local/include/c++/4.8.2/bits/basic_string.h:2486:5: note:   template argument deduction/substitution failed:
In file included from /usr/local/include/c++/4.8.2/algorithm:62:0,
                 from activation.h:1,
                 from layer.h:9,
                 from model.h:8,
                 from mini_nn.cc:1:
/usr/local/include/c++/4.8.2/bits/stl_algo.h:139:46: note:   ‘std::pair<const std::basic_string<char>, unsigned int>’ is not derived from ‘const std::basic_string<_CharT, _Traits, _Alloc>’
       while (__first != __last && !(*__first == __val))
                                              ^
In file included from /usr/local/include/c++/4.8.2/bits/char_traits.h:40:0,
                 from /usr/local/include/c++/4.8.2/string:40,
                 from model.h:4,
                 from mini_nn.cc:1:
/usr/local/include/c++/4.8.2/bits/postypes.h:216:5: note: template<class _StateT> bool std::operator==(const std::fpos<_StateT>&, const std::fpos<_StateT>&)
     operator==(const fpos<_StateT>& __lhs, const fpos<_StateT>& __rhs)
     ^
/usr/local/include/c++/4.8.2/bits/postypes.h:216:5: note:   template argument deduction/substitution failed:
In file included from /usr/local/include/c++/4.8.2/algorithm:62:0,
                 from activation.h:1,
                 from layer.h:9,
                 from model.h:8,
                 from mini_nn.cc:1:
/usr/local/include/c++/4.8.2/bits/stl_algo.h:139:46: note:   ‘std::pair<const std::basic_string<char>, unsigned int>’ is not derived from ‘const std::fpos<_StateT>’
       while (__first != __last && !(*__first == __val))
                                              ^
In file included from /usr/local/include/c++/4.8.2/vector:64:0,
                 from model.h:3,
                 from mini_nn.cc:1:
/usr/local/include/c++/4.8.2/bits/stl_vector.h:1403:5: note: template<class _Tp, class _Alloc> bool std::operator==(const std::vector<_Tp, _Alloc>&, const std::vector<_Tp, _Alloc>&)
     operator==(const vector<_Tp, _Alloc>& __x, const vector<_Tp, _Alloc>& __y)
     ^
/usr/local/include/c++/4.8.2/bits/stl_vector.h:1403:5: note:   template argument deduction/substitution failed:
In file included from /usr/local/include/c++/4.8.2/algorithm:62:0,
                 from activation.h:1,
                 from layer.h:9,
                 from model.h:8,
                 from mini_nn.cc:1:
/usr/local/include/c++/4.8.2/bits/stl_algo.h:139:46: note:   ‘std::pair<const std::basic_string<char>, unsigned int>’ is not derived from ‘const std::vector<_Tp, _Alloc>’
       while (__first != __last && !(*__first == __val))
                                              ^
In file included from /usr/local/include/c++/4.8.2/vector:61:0,
                 from model.h:3,
                 from mini_nn.cc:1:
/usr/local/include/c++/4.8.2/bits/allocator.h:133:5: note: template<class _Tp> bool std::operator==(const std::allocator<_Tp1>&, const std::allocator<_Tp1>&)
     operator==(const allocator<_Tp>&, const allocator<_Tp>&)
     ^
/usr/local/include/c++/4.8.2/bits/allocator.h:133:5: note:   template argument deduction/substitution failed:
In file included from /usr/local/include/c++/4.8.2/algorithm:62:0,
                 from activation.h:1,
                 from layer.h:9,
                 from model.h:8,
                 from mini_nn.cc:1:
/usr/local/include/c++/4.8.2/bits/stl_algo.h:139:46: note:   ‘std::pair<const std::basic_string<char>, unsigned int>’ is not derived from ‘const std::allocator<_Tp1>’
       while (__first != __last && !(*__first == __val))
                                              ^
In file included from /usr/local/include/c++/4.8.2/vector:61:0,
                 from model.h:3,
                 from mini_nn.cc:1:
/usr/local/include/c++/4.8.2/bits/allocator.h:128:5: note: template<class _T1, class _T2> bool std::operator==(const std::allocator<_Tp1>&, const std::allocator<_T2>&)
     operator==(const allocator<_T1>&, const allocator<_T2>&)
     ^
/usr/local/include/c++/4.8.2/bits/allocator.h:128:5: note:   template argument deduction/substitution failed:
In file included from /usr/local/include/c++/4.8.2/algorithm:62:0,
                 from activation.h:1,
                 from layer.h:9,
                 from model.h:8,
                 from mini_nn.cc:1:
/usr/local/include/c++/4.8.2/bits/stl_algo.h:139:46: note:   ‘std::pair<const std::basic_string<char>, unsigned int>’ is not derived from ‘const std::allocator<_Tp1>’
       while (__first != __last && !(*__first == __val))
                                              ^
In file included from /usr/local/include/c++/4.8.2/bits/stl_algobase.h:67:0,
                 from /usr/local/include/c++/4.8.2/vector:60,
                 from model.h:3,
                 from mini_nn.cc:1:
/usr/local/include/c++/4.8.2/bits/stl_iterator.h:1037:5: note: template<class _Iterator> bool std::operator==(const std::move_iterator<_Iterator>&, const std::move_iterator<_Iterator>&)
     operator==(const move_iterator<_Iterator>& __x,
     ^
/usr/local/include/c++/4.8.2/bits/stl_iterator.h:1037:5: note:   template argument deduction/substitution failed:
In file included from /usr/local/include/c++/4.8.2/algorithm:62:0,
                 from activation.h:1,
                 from layer.h:9,
                 from model.h:8,
                 from mini_nn.cc:1:
/usr/local/include/c++/4.8.2/bits/stl_algo.h:139:46: note:   ‘std::pair<const std::basic_string<char>, unsigned int>’ is not derived from ‘const std::move_iterator<_Iterator>’
       while (__first != __last && !(*__first == __val))
                                              ^
In file included from /usr/local/include/c++/4.8.2/bits/stl_algobase.h:67:0,
                 from /usr/local/include/c++/4.8.2/vector:60,
                 from model.h:3,
                 from mini_nn.cc:1:
/usr/local/include/c++/4.8.2/bits/stl_iterator.h:1031:5: note: template<class _IteratorL, class _IteratorR> bool std::operator==(const std::move_iterator<_Iterator>&, const std::move_iterator<_IteratorR>&)
     operator==(const move_iterator<_IteratorL>& __x,
     ^
/usr/local/include/c++/4.8.2/bits/stl_iterator.h:1031:5: note:   template argument deduction/substitution failed:
In file included from /usr/local/include/c++/4.8.2/algorithm:62:0,
                 from activation.h:1,
                 from layer.h:9,
                 from model.h:8,
                 from mini_nn.cc:1:
/usr/local/include/c++/4.8.2/bits/stl_algo.h:139:46: note:   ‘std::pair<const std::basic_string<char>, unsigned int>’ is not derived from ‘const std::move_iterator<_Iterator>’
       while (__first != __last && !(*__first == __val))
                                              ^
In file included from /usr/local/include/c++/4.8.2/bits/stl_algobase.h:67:0,
                 from /usr/local/include/c++/4.8.2/vector:60,
                 from model.h:3,
                 from mini_nn.cc:1:
/usr/local/include/c++/4.8.2/bits/stl_iterator.h:341:5: note: template<class _IteratorL, class _IteratorR> bool std::operator==(const std::reverse_iterator<_Iterator>&, const std::reverse_iterator<_IteratorR>&)
     operator==(const reverse_iterator<_IteratorL>& __x,
     ^
/usr/local/include/c++/4.8.2/bits/stl_iterator.h:341:5: note:   template argument deduction/substitution failed:
In file included from /usr/local/include/c++/4.8.2/algorithm:62:0,
                 from activation.h:1,
                 from layer.h:9,
                 from model.h:8,
                 from mini_nn.cc:1:
/usr/local/include/c++/4.8.2/bits/stl_algo.h:139:46: note:   ‘std::pair<const std::basic_string<char>, unsigned int>’ is not derived from ‘const std::reverse_iterator<_Iterator>’
       while (__first != __last && !(*__first == __val))
                                              ^
In file included from /usr/local/include/c++/4.8.2/bits/stl_algobase.h:67:0,
                 from /usr/local/include/c++/4.8.2/vector:60,
                 from model.h:3,
                 from mini_nn.cc:1:
/usr/local/include/c++/4.8.2/bits/stl_iterator.h:291:5: note: template<class _Iterator> bool std::operator==(const std::reverse_iterator<_Iterator>&, const std::reverse_iterator<_Iterator>&)
     operator==(const reverse_iterator<_Iterator>& __x,
     ^
/usr/local/include/c++/4.8.2/bits/stl_iterator.h:291:5: note:   template argument deduction/substitution failed:
In file included from /usr/local/include/c++/4.8.2/algorithm:62:0,
                 from activation.h:1,
                 from layer.h:9,
                 from model.h:8,
                 from mini_nn.cc:1:
/usr/local/include/c++/4.8.2/bits/stl_algo.h:139:46: note:   ‘std::pair<const std::basic_string<char>, unsigned int>’ is not derived from ‘const std::reverse_iterator<_Iterator>’
       while (__first != __last && !(*__first == __val))
                                              ^
In file included from /usr/local/include/c++/4.8.2/bits/stl_algobase.h:64:0,
                 from /usr/local/include/c++/4.8.2/vector:60,
                 from model.h:3,
                 from mini_nn.cc:1:
/usr/local/include/c++/4.8.2/bits/stl_pair.h:214:5: note: template<class _T1, class _T2> constexpr bool std::operator==(const std::pair<_T1, _T2>&, const std::pair<_T1, _T2>&)
     operator==(const pair<_T1, _T2>& __x, const pair<_T1, _T2>& __y)
     ^
/usr/local/include/c++/4.8.2/bits/stl_pair.h:214:5: note:   template argument deduction/substitution failed:
In file included from /usr/local/include/c++/4.8.2/algorithm:62:0,
                 from activation.h:1,
                 from layer.h:9,
                 from model.h:8,
                 from mini_nn.cc:1:
/usr/local/include/c++/4.8.2/bits/stl_algo.h:139:46: note:   ‘const std::basic_string<char>’ is not derived from ‘const std::pair<_T1, _T2>’
       while (__first != __last && !(*__first == __val))
                                              ^
In file included from /usr/local/include/c++/4.8.2/x86_64-unknown-linux-gnu/bits/c++allocator.h:33:0,
                 from /usr/local/include/c++/4.8.2/bits/allocator.h:46,
                 from /usr/local/include/c++/4.8.2/vector:61,
                 from model.h:3,
                 from mini_nn.cc:1:
/usr/local/include/c++/4.8.2/ext/new_allocator.h:139:5: note: template<class _Tp> bool __gnu_cxx::operator==(const __gnu_cxx::new_allocator<_Tp>&, const __gnu_cxx::new_allocator<_Tp>&)
     operator==(const new_allocator<_Tp>&, const new_allocator<_Tp>&)
     ^
/usr/local/include/c++/4.8.2/ext/new_allocator.h:139:5: note:   template argument deduction/substitution failed:
In file included from /usr/local/include/c++/4.8.2/algorithm:62:0,
                 from activation.h:1,
                 from layer.h:9,
                 from model.h:8,
                 from mini_nn.cc:1:
/usr/local/include/c++/4.8.2/bits/stl_algo.h:139:46: note:   ‘std::pair<const std::basic_string<char>, unsigned int>’ is not derived from ‘const __gnu_cxx::new_allocator<_Tp>’
       while (__first != __last && !(*__first == __val))
                                              ^
In file included from /usr/local/include/c++/4.8.2/bits/stl_algobase.h:67:0,
                 from /usr/local/include/c++/4.8.2/vector:60,
                 from model.h:3,
                 from mini_nn.cc:1:
/usr/local/include/c++/4.8.2/bits/stl_iterator.h:811:5: note: template<class _Iterator, class _Container> bool __gnu_cxx::operator==(const __gnu_cxx::__normal_iterator<_Iterator, _Container>&, const __gnu_cxx::__normal_iterator<_Iterator, _Container>&)
     operator==(const __normal_iterator<_Iterator, _Container>& __lhs,
     ^
/usr/local/include/c++/4.8.2/bits/stl_iterator.h:811:5: note:   template argument deduction/substitution failed:
In file included from /usr/local/include/c++/4.8.2/algorithm:62:0,
                 from activation.h:1,
                 from layer.h:9,
                 from model.h:8,
                 from mini_nn.cc:1:
/usr/local/include/c++/4.8.2/bits/stl_algo.h:139:46: note:   ‘std::pair<const std::basic_string<char>, unsigned int>’ is not derived from ‘const __gnu_cxx::__normal_iterator<_Iterator, _Container>’
       while (__first != __last && !(*__first == __val))
                                              ^
In file included from /usr/local/include/c++/4.8.2/bits/stl_algobase.h:67:0,
                 from /usr/local/include/c++/4.8.2/vector:60,
                 from model.h:3,
                 from mini_nn.cc:1:
/usr/local/include/c++/4.8.2/bits/stl_iterator.h:805:5: note: template<class _IteratorL, class _IteratorR, class _Container> bool __gnu_cxx::operator==(const __gnu_cxx::__normal_iterator<_IteratorL, _Container>&, const __gnu_cxx::__normal_iterator<_IteratorR, _Container>&)
     operator==(const __normal_iterator<_IteratorL, _Container>& __lhs,
     ^
/usr/local/include/c++/4.8.2/bits/stl_iterator.h:805:5: note:   template argument deduction/substitution failed:
In file included from /usr/local/include/c++/4.8.2/algorithm:62:0,
                 from activation.h:1,
                 from layer.h:9,
                 from model.h:8,
                 from mini_nn.cc:1:
/usr/local/include/c++/4.8.2/bits/stl_algo.h:139:46: note:   ‘std::pair<const std::basic_string<char>, unsigned int>’ is not derived from ‘const __gnu_cxx::__normal_iterator<_IteratorL, _Container>’
       while (__first != __last && !(*__first == __val))
                                              ^
make: *** [Makefile:9: mini_nn.o] Error 1
